C:\USERS\ADMINISTRATOR\DOCUMENTS\VISUAL STUDIO 2012\PROJECTS\KDRPC\USERPROC\DEBUG\USERPROC.PCH
C:\USERS\ADMINISTRATOR\DOCUMENTS\VISUAL STUDIO 2012\PROJECTS\KDRPC\USERPROC\DEBUG\STDAFX.OBJ
C:\USERS\ADMINISTRATOR\DOCUMENTS\VISUAL STUDIO 2012\PROJECTS\KDRPC\USERPROC\DEBUG\VC110.PDB
C:\USERS\ADMINISTRATOR\DOCUMENTS\VISUAL STUDIO 2012\PROJECTS\KDRPC\USERPROC\DEBUG\USERPROC.OBJ
C:\USERS\ADMINISTRATOR\DOCUMENTS\VISUAL STUDIO 2012\PROJECTS\KDRPC\DEBUG\USERPROC.ILK
C:\USERS\ADMINISTRATOR\DOCUMENTS\VISUAL STUDIO 2012\PROJECTS\KDRPC\DEBUG\USERPROC.EXE
C:\USERS\ADMINISTRATOR\DOCUMENTS\VISUAL STUDIO 2012\PROJECTS\KDRPC\DEBUG\USERPROC.PDB
C:\Users\Administrator\Documents\Visual Studio 2012\Projects\KDRPC\UserProc\Debug\stdafx.obj
C:\Users\Administrator\Documents\Visual Studio 2012\Projects\KDRPC\UserProc\Debug\UserProc.obj
C:\Users\Administrator\Documents\Visual Studio 2012\Projects\KDRPC\UserProc\Debug\cl.command.1.tlog
C:\Users\Administrator\Documents\Visual Studio 2012\Projects\KDRPC\UserProc\Debug\CL.read.1.tlog
C:\Users\Administrator\Documents\Visual Studio 2012\Projects\KDRPC\UserProc\Debug\CL.write.1.tlog
C:\Users\Administrator\Documents\Visual Studio 2012\Projects\KDRPC\UserProc\Debug\link-cvtres.read.1.tlog
C:\Users\Administrator\Documents\Visual Studio 2012\Projects\KDRPC\UserProc\Debug\link-cvtres.write.1.tlog
C:\Users\Administrator\Documents\Visual Studio 2012\Projects\KDRPC\UserProc\Debug\link-rc.read.1.tlog
C:\Users\Administrator\Documents\Visual Studio 2012\Projects\KDRPC\UserProc\Debug\link-rc.write.1.tlog
C:\Users\Administrator\Documents\Visual Studio 2012\Projects\KDRPC\UserProc\Debug\link.command.1.tlog
C:\Users\Administrator\Documents\Visual Studio 2012\Projects\KDRPC\UserProc\Debug\link.read.1.tlog
C:\Users\Administrator\Documents\Visual Studio 2012\Projects\KDRPC\UserProc\Debug\link.write.1.tlog
C:\Users\Administrator\Documents\Visual Studio 2012\Projects\KDRPC\UserProc\Debug\UserProc.pch
C:\Users\Administrator\Documents\Visual Studio 2012\Projects\KDRPC\UserProc\Debug\vc110.idb
C:\Users\Administrator\Documents\Visual Studio 2012\Projects\KDRPC\UserProc\Debug\vc110.pdb
C:\Users\Administrator\Documents\Visual Studio 2012\Projects\KDRPC\Debug\UserProc.pdb
C:\Users\Administrator\Documents\Visual Studio 2012\Projects\KDRPC\Debug\UserProc.exe
C:\Users\Administrator\Documents\Visual Studio 2012\Projects\KDRPC\Debug\UserProc.ilk
